<?xml version="1.0" encoding="UTF-8"?>
<testsuite xmlns:xsi="http://www.w3.org/2001/XMLSchema-instance" xsi:noNamespaceSchemaLocation="https://maven.apache.org/surefire/maven-surefire-plugin/xsd/surefire-test-report-3.0.xsd" version="3.0" name="com.fiap.N.I.B.ApplicationTests" time="20.848" tests="1" errors="0" skipped="0" failures="0">
  <properties>
[...]
</properties>
  <testcase name="contextLoads" classname="com.fiap.N.I.B.ApplicationTests" time="0.421">
    <system-out><![CDATA[19:54:44.982 [main] INFO org.springframework.test.context.support.AnnotationConfigContextLoaderUtils -- Could not detect default configuration classes for test class [com.fiap.N.I.B.ApplicationTests]: ApplicationTests does not declare any static, non-private, non-final, nested classes annotated with @Configuration.
19:54:45.131 [main] INFO org.springframework.boot.test.context.SpringBootTestContextBootstrapper -- Found @SpringBootConfiguration com.fiap.N.I.B.Application for test class com.fiap.N.I.B.ApplicationTests
19:54:45.369 [main] INFO org.springframework.boot.devtools.restart.RestartApplicationListener -- Restart disabled due to context in which it is running
 _   _       ___       ____
| \ | |     |_ _|     | __ )
|  \| |      | |      |  _ \
| |\  |  _   | |   _  | |_) |
|_| \_| (_) |___| (_) |____/
2025-05-21T19:54:45.727-03:00  INFO 18672 --- [N.I.B Challenge Odontoprev] [           main] [                                                 ] com.fiap.N.I.B.ApplicationTests          : Starting ApplicationTests using Java 17.0.14 with PID 18672 (started by guilh in C:\Users\guilh\Documents\FIAP\JavaAdvance-Challenge-Odontoprev\N.I.B)
2025-05-21T19:54:45.731-03:00  INFO 18672 --- [N.I.B Challenge Odontoprev] [           main] [                                                 ] com.fiap.N.I.B.ApplicationTests          : No active profile set, falling back to 1 default profile: "default"
2025-05-21T19:54:46.050-03:00 DEBUG 18672 --- [N.I.B Challenge Odontoprev] [           main] [                                                 ] o.s.w.c.s.GenericWebApplicationContext   : Refreshing org.springframework.web.context.support.GenericWebApplicationContext@1450078a
2025-05-21T19:54:47.754-03:00  INFO 18672 --- [N.I.B Challenge Odontoprev] [           main] [                                                 ] .s.d.r.c.RepositoryConfigurationDelegate : Bootstrapping Spring Data JPA repositories in DEFAULT mode.
2025-05-21T19:54:47.965-03:00  INFO 18672 --- [N.I.B Challenge Odontoprev] [           main] [                                                 ] .s.d.r.c.RepositoryConfigurationDelegate : Finished Spring Data repository scanning in 202 ms. Found 8 JPA repository interfaces.
2025-05-21T19:54:49.585-03:00  INFO 18672 --- [N.I.B Challenge Odontoprev] [           main] [                                                 ] o.hibernate.jpa.internal.util.LogHelper  : HHH000204: Processing PersistenceUnitInfo [name: default]
2025-05-21T19:54:49.696-03:00  INFO 18672 --- [N.I.B Challenge Odontoprev] [           main] [                                                 ] org.hibernate.Version                    : HHH000412: Hibernate ORM core version 6.5.2.Final
2025-05-21T19:54:49.763-03:00  INFO 18672 --- [N.I.B Challenge Odontoprev] [           main] [                                                 ] o.h.c.internal.RegionFactoryInitiator    : HHH000026: Second-level cache disabled
2025-05-21T19:54:50.262-03:00  INFO 18672 --- [N.I.B Challenge Odontoprev] [           main] [                                                 ] o.s.o.j.p.SpringPersistenceUnitInfo      : No LoadTimeWeaver setup: ignoring JPA class transformer
2025-05-21T19:54:50.299-03:00  INFO 18672 --- [N.I.B Challenge Odontoprev] [           main] [                                                 ] com.zaxxer.hikari.HikariDataSource       : HikariPool-1 - Starting...
2025-05-21T19:54:51.049-03:00  INFO 18672 --- [N.I.B Challenge Odontoprev] [           main] [                                                 ] com.zaxxer.hikari.pool.HikariPool        : HikariPool-1 - Added connection oracle.jdbc.driver.T4CConnection@5440a3a
2025-05-21T19:54:51.053-03:00  INFO 18672 --- [N.I.B Challenge Odontoprev] [           main] [                                                 ] com.zaxxer.hikari.HikariDataSource       : HikariPool-1 - Start completed.
2025-05-21T19:54:51.260-03:00  WARN 18672 --- [N.I.B Challenge Odontoprev] [           main] [                                                 ] org.hibernate.orm.deprecation            : HHH90000025: OracleDialect does not need to be specified explicitly using 'hibernate.dialect' (remove the property setting and it will be selected by default)
2025-05-21T19:54:52.681-03:00  INFO 18672 --- [N.I.B Challenge Odontoprev] [           main] [                                                 ] o.h.e.t.j.p.i.JtaPlatformInitiator       : HHH000489: No JTA platform available (set 'hibernate.transaction.jta.platform' to enable JTA platform integration)
2025-05-21T19:54:52.705-03:00 DEBUG 18672 --- [N.I.B Challenge Odontoprev] [           main] [                                                 ] org.hibernate.SQL                        : drop table consulta cascade constraints
2025-05-21T19:54:52.919-03:00 DEBUG 18672 --- [N.I.B Challenge Odontoprev] [           main] [                                                 ] org.hibernate.SQL                        : drop table diario cascade constraints
2025-05-21T19:54:52.991-03:00 DEBUG 18672 --- [N.I.B Challenge Odontoprev] [           main] [                                                 ] org.hibernate.SQL                        : drop table endereco cascade constraints
2025-05-21T19:54:53.079-03:00 DEBUG 18672 --- [N.I.B Challenge Odontoprev] [           main] [                                                 ] org.hibernate.SQL                        : drop table historico cascade constraints
2025-05-21T19:54:53.169-03:00 DEBUG 18672 --- [N.I.B Challenge Odontoprev] [           main] [                                                 ] org.hibernate.SQL                        : drop table profissional cascade constraints
2025-05-21T19:54:53.241-03:00 DEBUG 18672 --- [N.I.B Challenge Odontoprev] [           main] [                                                 ] org.hibernate.SQL                        : drop table roles cascade constraints
2025-05-21T19:54:53.331-03:00 DEBUG 18672 --- [N.I.B Challenge Odontoprev] [           main] [                                                 ] org.hibernate.SQL                        : drop table users_roles cascade constraints
2025-05-21T19:54:53.449-03:00 DEBUG 18672 --- [N.I.B Challenge Odontoprev] [           main] [                                                 ] org.hibernate.SQL                        : drop table usersecurity cascade constraints
2025-05-21T19:54:53.533-03:00 DEBUG 18672 --- [N.I.B Challenge Odontoprev] [           main] [                                                 ] org.hibernate.SQL                        : drop table usuario cascade constraints
2025-05-21T19:54:53.601-03:00 DEBUG 18672 --- [N.I.B Challenge Odontoprev] [           main] [                                                 ] org.hibernate.SQL                        : create table consulta (data_consulta date not null, id number(19,0) generated as identity, fk_user varchar2(11 char) not null, fk_profissional varchar2(15 char) not null, descricao_consulta varchar2(150 char) not null, primary key (id))
2025-05-21T19:54:53.705-03:00 DEBUG 18672 --- [N.I.B Challenge Odontoprev] [           main] [                                                 ] org.hibernate.SQL                        : create table diario (data_registro date not null, escovacao_diario number(10,0) not null check (escovacao_diario<=99), uso_enxaguante_diario number(10,0) not null check (uso_enxaguante_diario<=99), uso_fio_diario number(10,0) not null check (uso_fio_diario<=99), id number(19,0) generated as identity, usuario_cpf_user varchar2(11 char), sintoma_diario varchar2(30 char), primary key (id))
2025-05-21T19:54:53.770-03:00 DEBUG 18672 --- [N.I.B Challenge Odontoprev] [           main] [                                                 ] org.hibernate.SQL                        : create table endereco (estado_endereco varchar2(2 char) not null, numero_endereco number(10,0) not null, id number(19,0) generated as identity, cep_endereco varchar2(9 char) not null, usuario_cpf_user varchar2(11 char) unique, profissional_registro_profissional varchar2(15 char) unique, bairro_endereco varchar2(20 char) not null, complemento_endereco varchar2(20 char), rua_endereco varchar2(25 char) not null, cidade_endereco varchar2(30 char) not null, primary key (id))
2025-05-21T19:54:53.854-03:00 DEBUG 18672 --- [N.I.B Challenge Odontoprev] [           main] [                                                 ] org.hibernate.SQL                        : create table historico (canal_historico number(10,0) not null check ((canal_historico>=0) and (canal_historico<=999)), carie_historico number(10,0) not null check ((carie_historico>=0) and (carie_historico<=999)), cirurgia_historico number(10,0) not null check ((cirurgia_historico>=0) and (cirurgia_historico<=999)), limpeza_historico number(10,0) not null check ((limpeza_historico>=0) and (limpeza_historico<=999)), ortodontico_historico number(10,0) not null check ((ortodontico_historico>=0) and (ortodontico_historico<=999)), tratamento_historico number(10,0) not null check ((tratamento_historico>=0) and (tratamento_historico<=999)), id number(19,0) generated as identity, usuario_cpf_user varchar2(11 char) unique, primary key (id))
2025-05-21T19:54:53.945-03:00 DEBUG 18672 --- [N.I.B Challenge Odontoprev] [           main] [                                                 ] org.hibernate.SQL                        : create table profissional (data_inscricao_profissional date not null, registro_profissional varchar2(15 char) not null, nome_profissional varchar2(20 char) not null, tipo_profissional varchar2(20 char) not null, sobrenome_profissional varchar2(30 char) not null, email_profissional varchar2(50 char) not null, telefone_profissional varchar2(255 char) not null, primary key (registro_profissional))
2025-05-21T19:54:54.153-03:00 DEBUG 18672 --- [N.I.B Challenge Odontoprev] [           main] [                                                 ] org.hibernate.SQL                        : create table roles (id number(19,0) generated as identity, name varchar2(255 char) not null unique, primary key (id))
2025-05-21T19:54:54.224-03:00 DEBUG 18672 --- [N.I.B Challenge Odontoprev] [           main] [                                                 ] org.hibernate.SQL                        : create table users_roles (role_id number(19,0) not null, user_id number(19,0) not null, primary key (role_id, user_id))
2025-05-21T19:54:54.317-03:00 DEBUG 18672 --- [N.I.B Challenge Odontoprev] [           main] [                                                 ] org.hibernate.SQL                        : create table usersecurity (enabled number(1,0) not null check (enabled in (0,1)), id number(19,0) generated as identity, password varchar2(255 char) not null, username varchar2(255 char) not null unique, primary key (id))
2025-05-21T19:54:54.413-03:00 DEBUG 18672 --- [N.I.B Challenge Odontoprev] [           main] [                                                 ] org.hibernate.SQL                        : create table usuario (data_nascimento_user date not null, cpf_user varchar2(11 char) not null, plano_user varchar2(20 char) not null, nome_user varchar2(30 char) not null, sobrenome_user varchar2(30 char) not null, email_user varchar2(50 char) not null, telefone_user varchar2(255 char) not null, primary key (cpf_user))
2025-05-21T19:54:54.475-03:00 DEBUG 18672 --- [N.I.B Challenge Odontoprev] [           main] [                                                 ] org.hibernate.SQL                        : alter table consulta add constraint FK4ijbke4k9i53pq67byesyjilp foreign key (fk_profissional) references profissional
2025-05-21T19:54:54.557-03:00 DEBUG 18672 --- [N.I.B Challenge Odontoprev] [           main] [                                                 ] org.hibernate.SQL                        : alter table consulta add constraint FKcu9vl47gia8owku9sjta7rcva foreign key (fk_user) references usuario
2025-05-21T19:54:54.595-03:00 DEBUG 18672 --- [N.I.B Challenge Odontoprev] [           main] [                                                 ] org.hibernate.SQL                        : alter table diario add constraint FKracku4xxympom5m9pa9epx8it foreign key (usuario_cpf_user) references usuario
2025-05-21T19:54:54.627-03:00 DEBUG 18672 --- [N.I.B Challenge Odontoprev] [           main] [                                                 ] org.hibernate.SQL                        : alter table endereco add constraint FK9drv64fry368546fjaxuts4m6 foreign key (profissional_registro_profissional) references profissional
2025-05-21T19:54:54.672-03:00 DEBUG 18672 --- [N.I.B Challenge Odontoprev] [           main] [                                                 ] org.hibernate.SQL                        : alter table endereco add constraint FKnpkt0hlcafnjhhryhvvxmf3rj foreign key (usuario_cpf_user) references usuario
2025-05-21T19:54:54.708-03:00 DEBUG 18672 --- [N.I.B Challenge Odontoprev] [           main] [                                                 ] org.hibernate.SQL                        : alter table historico add constraint FKmj9hahs7h83um4qttqu17ohdo foreign key (usuario_cpf_user) references usuario
2025-05-21T19:54:54.744-03:00 DEBUG 18672 --- [N.I.B Challenge Odontoprev] [           main] [                                                 ] org.hibernate.SQL                        : alter table users_roles add constraint FKj6m8fwv7oqv74fcehir1a9ffy foreign key (role_id) references roles
2025-05-21T19:54:54.774-03:00 DEBUG 18672 --- [N.I.B Challenge Odontoprev] [           main] [                                                 ] org.hibernate.SQL                        : alter table users_roles add constraint FKioyq9sn15f677xcbnfokjdc9q foreign key (user_id) references usersecurity
2025-05-21T19:54:54.811-03:00  INFO 18672 --- [N.I.B Challenge Odontoprev] [           main] [                                                 ] j.LocalContainerEntityManagerFactoryBean : Initialized JPA EntityManagerFactory for persistence unit 'default'
2025-05-21T19:54:57.660-03:00  WARN 18672 --- [N.I.B Challenge Odontoprev] [           main] [                                                 ] JpaBaseConfiguration$JpaWebConfiguration : spring.jpa.open-in-view is enabled by default. Therefore, database queries may be performed during view rendering. Explicitly configure spring.jpa.open-in-view to disable this warning
2025-05-21T19:54:57.753-03:00  WARN 18672 --- [N.I.B Challenge Odontoprev] [           main] [                                                 ] r$InitializeUserDetailsManagerConfigurer : Global AuthenticationManager configured with an AuthenticationProvider bean. UserDetailsService beans will not be used for username/password login. Consider removing the AuthenticationProvider bean. Alternatively, consider using the UserDetailsService in a manually instantiated DaoAuthenticationProvider.
2025-05-21T19:54:58.016-03:00 DEBUG 18672 --- [N.I.B Challenge Odontoprev] [           main] [                                                 ] s.w.s.m.m.a.RequestMappingHandlerMapping : 50 mappings in 'requestMappingHandlerMapping'
2025-05-21T19:54:58.131-03:00 DEBUG 18672 --- [N.I.B Challenge Odontoprev] [           main] [                                                 ] o.s.w.s.handler.SimpleUrlHandlerMapping  : Patterns [/webjars/**, /**, /extensions/**, /swagger-ui*/*swagger-initializer.js, /swagger-ui*/**] in 'resourceHandlerMapping'
2025-05-21T19:54:58.564-03:00  INFO 18672 --- [N.I.B Challenge Odontoprev] [           main] [                                                 ] o.s.b.a.e.web.EndpointLinksResolver      : Exposing 15 endpoints beneath base path '/actuator'
2025-05-21T19:54:58.762-03:00  INFO 18672 --- [N.I.B Challenge Odontoprev] [           main] [                                                 ] o.s.s.web.DefaultSecurityFilterChain     : Will secure any request with [org.springframework.security.web.session.DisableEncodeUrlFilter@35cb8b64, org.springframework.security.web.context.request.async.WebAsyncManagerIntegrationFilter@3b3bf723, org.springframework.security.web.context.SecurityContextHolderFilter@560def6c, org.springframework.security.web.header.HeaderWriterFilter@6fcb2e2d, org.springframework.web.filter.CorsFilter@6c772506, org.springframework.security.web.authentication.logout.LogoutFilter@136fea21, org.springframework.security.web.authentication.UsernamePasswordAuthenticationFilter@23504729, org.springframework.security.web.savedrequest.RequestCacheAwareFilter@2a94a702, org.springframework.security.web.servletapi.SecurityContextHolderAwareRequestFilter@3ad32e52, org.springframework.security.web.authentication.AnonymousAuthenticationFilter@1532b1d, org.springframework.security.web.access.ExceptionTranslationFilter@46bb8cba, org.springframework.security.web.access.intercept.AuthorizationFilter@e888636]
2025-05-21T19:54:59.243-03:00 DEBUG 18672 --- [N.I.B Challenge Odontoprev] [           main] [                                                 ] s.w.s.m.m.a.RequestMappingHandlerAdapter : ControllerAdvice beans: 0 @ModelAttribute, 0 @InitBinder, 1 RequestBodyAdvice, 1 ResponseBodyAdvice
2025-05-21T19:54:59.302-03:00 DEBUG 18672 --- [N.I.B Challenge Odontoprev] [           main] [                                                 ] .m.m.a.ExceptionHandlerExceptionResolver : ControllerAdvice beans: 1 @ExceptionHandler, 1 ResponseBodyAdvice
2025-05-21T19:55:00.522-03:00  INFO 18672 --- [N.I.B Challenge Odontoprev] [           main] [                                                 ] o.s.a.r.c.CachingConnectionFactory       : Attempting to connect to: [rabbitmq:5672]
2025-05-21T19:55:03.235-03:00  INFO 18672 --- [N.I.B Challenge Odontoprev] [           main] [                                                 ] o.s.a.r.l.SimpleMessageListenerContainer : Broker not available; cannot force queue declarations during start: java.net.UnknownHostException: Este host não é conhecido (rabbitmq)
2025-05-21T19:55:03.242-03:00  INFO 18672 --- [N.I.B Challenge Odontoprev] [ntContainer#0-1] [                                                 ] o.s.a.r.c.CachingConnectionFactory       : Attempting to connect to: [rabbitmq:5672]
2025-05-21T19:55:03.243-03:00 ERROR 18672 --- [N.I.B Challenge Odontoprev] [ntContainer#0-1] [                                                 ] o.s.a.r.l.SimpleMessageListenerContainer : Failed to check/redeclare auto-delete queue(s).

org.springframework.amqp.AmqpIOException: java.net.UnknownHostException: rabbitmq
	at org.springframework.amqp.rabbit.support.RabbitExceptionTranslator.convertRabbitAccessException(RabbitExceptionTranslator.java:70) ~[spring-rabbit-3.1.5.jar:3.1.5]
	at org.springframework.amqp.rabbit.connection.AbstractConnectionFactory.createBareConnection(AbstractConnectionFactory.java:622) ~[spring-rabbit-3.1.5.jar:3.1.5]
	at org.springframework.amqp.rabbit.connection.CachingConnectionFactory.createConnection(CachingConnectionFactory.java:726) ~[spring-rabbit-3.1.5.jar:3.1.5]
	at org.springframework.amqp.rabbit.connection.ConnectionFactoryUtils.createConnection(ConnectionFactoryUtils.java:257) ~[spring-rabbit-3.1.5.jar:3.1.5]
	at org.springframework.amqp.rabbit.core.RabbitTemplate.doExecute(RabbitTemplate.java:2249) ~[spring-rabbit-3.1.5.jar:3.1.5]
	at org.springframework.amqp.rabbit.core.RabbitTemplate.execute(RabbitTemplate.java:2222) ~[spring-rabbit-3.1.5.jar:3.1.5]
	at org.springframework.amqp.rabbit.core.RabbitTemplate.execute(RabbitTemplate.java:2202) ~[spring-rabbit-3.1.5.jar:3.1.5]
	at org.springframework.amqp.rabbit.core.RabbitAdmin.getQueueInfo(RabbitAdmin.java:467) ~[spring-rabbit-3.1.5.jar:3.1.5]
	at org.springframework.amqp.rabbit.core.RabbitAdmin.getQueueProperties(RabbitAdmin.java:451) ~[spring-rabbit-3.1.5.jar:3.1.5]
	at org.springframework.amqp.rabbit.listener.AbstractMessageListenerContainer.attemptDeclarations(AbstractMessageListenerContainer.java:1960) ~[spring-rabbit-3.1.5.jar:3.1.5]
	at org.springframework.amqp.rabbit.listener.AbstractMessageListenerContainer.redeclareElementsIfNecessary(AbstractMessageListenerContainer.java:1924) ~[spring-rabbit-3.1.5.jar:3.1.5]
	at org.springframework.amqp.rabbit.listener.SimpleMessageListenerContainer$AsyncMessageProcessingConsumer.initialize(SimpleMessageListenerContainer.java:1478) ~[spring-rabbit-3.1.5.jar:3.1.5]
	at org.springframework.amqp.rabbit.listener.SimpleMessageListenerContainer$AsyncMessageProcessingConsumer.run(SimpleMessageListenerContainer.java:1320) ~[spring-rabbit-3.1.5.jar:3.1.5]
	at java.base/java.lang.Thread.run(Thread.java:840) ~[na:na]
Caused by: java.net.UnknownHostException: rabbitmq
	at java.base/java.net.InetAddress$CachedAddresses.get(InetAddress.java:801) ~[na:na]
	at java.base/java.net.InetAddress.getAllByName0(InetAddress.java:1533) ~[na:na]
	at java.base/java.net.InetAddress.getAllByName(InetAddress.java:1385) ~[na:na]
	at java.base/java.net.InetAddress.getAllByName(InetAddress.java:1306) ~[na:na]
	at com.rabbitmq.client.DnsRecordIpAddressResolver.resolveIpAddresses(DnsRecordIpAddressResolver.java:83) ~[amqp-client-5.21.0.jar:5.21.0]
	at com.rabbitmq.client.DnsRecordIpAddressResolver.getAddresses(DnsRecordIpAddressResolver.java:73) ~[amqp-client-5.21.0.jar:5.21.0]
	at com.rabbitmq.client.ConnectionFactory.newConnection(ConnectionFactory.java:1245) ~[amqp-client-5.21.0.jar:5.21.0]
	at com.rabbitmq.client.ConnectionFactory.newConnection(ConnectionFactory.java:1198) ~[amqp-client-5.21.0.jar:5.21.0]
	at org.springframework.amqp.rabbit.connection.AbstractConnectionFactory.connectAddresses(AbstractConnectionFactory.java:668) ~[spring-rabbit-3.1.5.jar:3.1.5]
	at org.springframework.amqp.rabbit.connection.AbstractConnectionFactory.connect(AbstractConnectionFactory.java:637) ~[spring-rabbit-3.1.5.jar:3.1.5]
	at org.springframework.amqp.rabbit.connection.AbstractConnectionFactory.createBareConnection(AbstractConnectionFactory.java:584) ~[spring-rabbit-3.1.5.jar:3.1.5]
	... 12 common frames omitted

2025-05-21T19:55:03.249-03:00  INFO 18672 --- [N.I.B Challenge Odontoprev] [ntContainer#0-1] [                                                 ] o.s.a.r.c.CachingConnectionFactory       : Attempting to connect to: [rabbitmq:5672]
2025-05-21T19:55:03.251-03:00  INFO 18672 --- [N.I.B Challenge Odontoprev] [           main] [                                                 ] o.s.a.r.c.CachingConnectionFactory       : Attempting to connect to: [rabbitmq:5672]
2025-05-21T19:55:03.251-03:00  INFO 18672 --- [N.I.B Challenge Odontoprev] [           main] [                                                 ] o.s.a.r.l.SimpleMessageListenerContainer : Broker not available; cannot force queue declarations during start: java.net.UnknownHostException: rabbitmq
2025-05-21T19:55:03.253-03:00  INFO 18672 --- [N.I.B Challenge Odontoprev] [ntContainer#1-1] [                                                 ] o.s.a.r.c.CachingConnectionFactory       : Attempting to connect to: [rabbitmq:5672]
2025-05-21T19:55:03.253-03:00 ERROR 18672 --- [N.I.B Challenge Odontoprev] [ntContainer#1-1] [                                                 ] o.s.a.r.l.SimpleMessageListenerContainer : Failed to check/redeclare auto-delete queue(s).

org.springframework.amqp.AmqpIOException: java.net.UnknownHostException: rabbitmq
	at org.springframework.amqp.rabbit.support.RabbitExceptionTranslator.convertRabbitAccessException(RabbitExceptionTranslator.java:70) ~[spring-rabbit-3.1.5.jar:3.1.5]
	at org.springframework.amqp.rabbit.connection.AbstractConnectionFactory.createBareConnection(AbstractConnectionFactory.java:622) ~[spring-rabbit-3.1.5.jar:3.1.5]
	at org.springframework.amqp.rabbit.connection.CachingConnectionFactory.createConnection(CachingConnectionFactory.java:726) ~[spring-rabbit-3.1.5.jar:3.1.5]
	at org.springframework.amqp.rabbit.connection.ConnectionFactoryUtils.createConnection(ConnectionFactoryUtils.java:257) ~[spring-rabbit-3.1.5.jar:3.1.5]
	at org.springframework.amqp.rabbit.core.RabbitTemplate.doExecute(RabbitTemplate.java:2249) ~[spring-rabbit-3.1.5.jar:3.1.5]
	at org.springframework.amqp.rabbit.core.RabbitTemplate.execute(RabbitTemplate.java:2222) ~[spring-rabbit-3.1.5.jar:3.1.5]
	at org.springframework.amqp.rabbit.core.RabbitTemplate.execute(RabbitTemplate.java:2202) ~[spring-rabbit-3.1.5.jar:3.1.5]
	at org.springframework.amqp.rabbit.core.RabbitAdmin.getQueueInfo(RabbitAdmin.java:467) ~[spring-rabbit-3.1.5.jar:3.1.5]
	at org.springframework.amqp.rabbit.core.RabbitAdmin.getQueueProperties(RabbitAdmin.java:451) ~[spring-rabbit-3.1.5.jar:3.1.5]
	at org.springframework.amqp.rabbit.listener.AbstractMessageListenerContainer.attemptDeclarations(AbstractMessageListenerContainer.java:1960) ~[spring-rabbit-3.1.5.jar:3.1.5]
	at org.springframework.amqp.rabbit.listener.AbstractMessageListenerContainer.redeclareElementsIfNecessary(AbstractMessageListenerContainer.java:1924) ~[spring-rabbit-3.1.5.jar:3.1.5]
	at org.springframework.amqp.rabbit.listener.SimpleMessageListenerContainer$AsyncMessageProcessingConsumer.initialize(SimpleMessageListenerContainer.java:1478) ~[spring-rabbit-3.1.5.jar:3.1.5]
	at org.springframework.amqp.rabbit.listener.SimpleMessageListenerContainer$AsyncMessageProcessingConsumer.run(SimpleMessageListenerContainer.java:1320) ~[spring-rabbit-3.1.5.jar:3.1.5]
	at java.base/java.lang.Thread.run(Thread.java:840) ~[na:na]
Caused by: java.net.UnknownHostException: rabbitmq
	at java.base/java.net.InetAddress$CachedAddresses.get(InetAddress.java:801) ~[na:na]
	at java.base/java.net.InetAddress.getAllByName0(InetAddress.java:1533) ~[na:na]
	at java.base/java.net.InetAddress.getAllByName(InetAddress.java:1385) ~[na:na]
	at java.base/java.net.InetAddress.getAllByName(InetAddress.java:1306) ~[na:na]
	at com.rabbitmq.client.DnsRecordIpAddressResolver.resolveIpAddresses(DnsRecordIpAddressResolver.java:83) ~[amqp-client-5.21.0.jar:5.21.0]
	at com.rabbitmq.client.DnsRecordIpAddressResolver.getAddresses(DnsRecordIpAddressResolver.java:73) ~[amqp-client-5.21.0.jar:5.21.0]
	at com.rabbitmq.client.ConnectionFactory.newConnection(ConnectionFactory.java:1245) ~[amqp-client-5.21.0.jar:5.21.0]
	at com.rabbitmq.client.ConnectionFactory.newConnection(ConnectionFactory.java:1198) ~[amqp-client-5.21.0.jar:5.21.0]
	at org.springframework.amqp.rabbit.connection.AbstractConnectionFactory.connectAddresses(AbstractConnectionFactory.java:668) ~[spring-rabbit-3.1.5.jar:3.1.5]
	at org.springframework.amqp.rabbit.connection.AbstractConnectionFactory.connect(AbstractConnectionFactory.java:637) ~[spring-rabbit-3.1.5.jar:3.1.5]
	at org.springframework.amqp.rabbit.connection.AbstractConnectionFactory.createBareConnection(AbstractConnectionFactory.java:584) ~[spring-rabbit-3.1.5.jar:3.1.5]
	... 12 common frames omitted

2025-05-21T19:55:03.253-03:00  INFO 18672 --- [N.I.B Challenge Odontoprev] [ntContainer#1-1] [                                                 ] o.s.a.r.c.CachingConnectionFactory       : Attempting to connect to: [rabbitmq:5672]
2025-05-21T19:55:03.273-03:00  INFO 18672 --- [N.I.B Challenge Odontoprev] [           main] [                                                 ] com.fiap.N.I.B.ApplicationTests          : Started ApplicationTests in 17.919 seconds (process running for 19.132)
2025-05-21T19:55:03.373-03:00 DEBUG 18672 --- [N.I.B Challenge Odontoprev] [           main] [                                                 ] org.hibernate.SQL                        : select u1_0.cpf_user,u1_0.data_nascimento_user,u1_0.email_user,e1_0.id,e1_0.bairro_endereco,e1_0.cep_endereco,e1_0.cidade_endereco,e1_0.complemento_endereco,e1_0.estado_endereco,e1_0.numero_endereco,e1_0.profissional_registro_profissional,e1_0.rua_endereco,u1_0.nome_user,u1_0.plano_user,u1_0.sobrenome_user,u1_0.telefone_user from usuario u1_0 left join endereco e1_0 on u1_0.cpf_user=e1_0.usuario_cpf_user where u1_0.cpf_user=?
2025-05-21T19:55:03.528-03:00 DEBUG 18672 --- [N.I.B Challenge Odontoprev] [           main] [                                                 ] org.hibernate.SQL                        : insert into usuario (data_nascimento_user,email_user,nome_user,plano_user,sobrenome_user,telefone_user,cpf_user) values (?,?,?,?,?,?,?)
2025-05-21T19:55:03.620-03:00 DEBUG 18672 --- [N.I.B Challenge Odontoprev] [           main] [                                                 ] org.hibernate.SQL                        : select null,u1_0.data_nascimento_user,u1_0.email_user,u1_0.nome_user,u1_0.plano_user,u1_0.sobrenome_user,u1_0.telefone_user from usuario u1_0 where u1_0.cpf_user=?
2025-05-21T19:55:03.651-03:00 DEBUG 18672 --- [N.I.B Challenge Odontoprev] [           main] [                                                 ] org.hibernate.SQL                        : insert into endereco (bairro_endereco,cep_endereco,cidade_endereco,complemento_endereco,estado_endereco,numero_endereco,profissional_registro_profissional,rua_endereco,usuario_cpf_user,id) values (?,?,?,?,?,?,?,?,?,default)
2025-05-21T19:55:03.786-03:00 DEBUG 18672 --- [N.I.B Challenge Odontoprev] [           main] [                                                 ] org.hibernate.SQL                        : select u1_0.cpf_user,u1_0.data_nascimento_user,u1_0.email_user,e1_0.id,e1_0.bairro_endereco,e1_0.cep_endereco,e1_0.cidade_endereco,e1_0.complemento_endereco,e1_0.estado_endereco,e1_0.numero_endereco,e1_0.profissional_registro_profissional,e1_0.rua_endereco,u1_0.nome_user,u1_0.plano_user,u1_0.sobrenome_user,u1_0.telefone_user from usuario u1_0 left join endereco e1_0 on u1_0.cpf_user=e1_0.usuario_cpf_user where u1_0.cpf_user=?
2025-05-21T19:55:03.822-03:00 DEBUG 18672 --- [N.I.B Challenge Odontoprev] [           main] [                                                 ] org.hibernate.SQL                        : select h1_0.id,h1_0.canal_historico,h1_0.carie_historico,h1_0.cirurgia_historico,h1_0.limpeza_historico,h1_0.ortodontico_historico,h1_0.tratamento_historico,u1_0.cpf_user,u1_0.data_nascimento_user,u1_0.email_user,e1_0.id,e1_0.bairro_endereco,e1_0.cep_endereco,e1_0.cidade_endereco,e1_0.complemento_endereco,e1_0.estado_endereco,e1_0.numero_endereco,e1_0.profissional_registro_profissional,e1_0.rua_endereco,u1_0.nome_user,u1_0.plano_user,u1_0.sobrenome_user,u1_0.telefone_user from historico h1_0 left join usuario u1_0 on u1_0.cpf_user=h1_0.usuario_cpf_user left join endereco e1_0 on u1_0.cpf_user=e1_0.usuario_cpf_user where h1_0.usuario_cpf_user=?
2025-05-21T19:55:03.862-03:00 DEBUG 18672 --- [N.I.B Challenge Odontoprev] [           main] [                                                 ] org.hibernate.SQL                        : select d1_0.usuario_cpf_user,d1_0.id,d1_0.data_registro,d1_0.escovacao_diario,d1_0.sintoma_diario,d1_0.uso_enxaguante_diario,d1_0.uso_fio_diario from diario d1_0 where d1_0.usuario_cpf_user=?
2025-05-21T19:55:03.917-03:00 DEBUG 18672 --- [N.I.B Challenge Odontoprev] [           main] [                                                 ] org.hibernate.SQL                        : select p1_0.registro_profissional,p1_0.data_inscricao_profissional,p1_0.email_profissional,p1_0.nome_profissional,p1_0.sobrenome_profissional,p1_0.telefone_profissional,p1_0.tipo_profissional,c1_0.fk_profissional,c1_0.id,c1_0.data_consulta,c1_0.descricao_consulta,c1_0.fk_user from profissional p1_0 left join consulta c1_0 on p1_0.registro_profissional=c1_0.fk_profissional where p1_0.registro_profissional=?
2025-05-21T19:55:03.956-03:00 DEBUG 18672 --- [N.I.B Challenge Odontoprev] [           main] [                                                 ] org.hibernate.SQL                        : insert into profissional (data_inscricao_profissional,email_profissional,nome_profissional,sobrenome_profissional,telefone_profissional,tipo_profissional,registro_profissional) values (?,?,?,?,?,?,?)
2025-05-21T19:55:04.014-03:00 DEBUG 18672 --- [N.I.B Challenge Odontoprev] [           main] [                                                 ] org.hibernate.SQL                        : select null,p1_0.data_inscricao_profissional,p1_0.email_profissional,p1_0.nome_profissional,p1_0.sobrenome_profissional,p1_0.telefone_profissional,p1_0.tipo_profissional from profissional p1_0 where p1_0.registro_profissional=?
2025-05-21T19:55:04.044-03:00 DEBUG 18672 --- [N.I.B Challenge Odontoprev] [           main] [                                                 ] org.hibernate.SQL                        : insert into endereco (bairro_endereco,cep_endereco,cidade_endereco,complemento_endereco,estado_endereco,numero_endereco,profissional_registro_profissional,rua_endereco,usuario_cpf_user,id) values (?,?,?,?,?,?,?,?,?,default)
2025-05-21T19:55:04.117-03:00 DEBUG 18672 --- [N.I.B Challenge Odontoprev] [           main] [                                                 ] org.hibernate.SQL                        : select p1_0.registro_profissional,p1_0.data_inscricao_profissional,p1_0.email_profissional,p1_0.nome_profissional,p1_0.sobrenome_profissional,p1_0.telefone_profissional,p1_0.tipo_profissional,c1_0.fk_profissional,c1_0.id,c1_0.data_consulta,c1_0.descricao_consulta,c1_0.fk_user from profissional p1_0 left join consulta c1_0 on p1_0.registro_profissional=c1_0.fk_profissional where p1_0.registro_profissional=?
2025-05-21T19:55:04.146-03:00 DEBUG 18672 --- [N.I.B Challenge Odontoprev] [           main] [                                                 ] org.hibernate.SQL                        : select e1_0.id,e1_0.bairro_endereco,e1_0.cep_endereco,e1_0.cidade_endereco,e1_0.complemento_endereco,e1_0.estado_endereco,e1_0.numero_endereco,e1_0.profissional_registro_profissional,e1_0.rua_endereco,e1_0.usuario_cpf_user from endereco e1_0 where e1_0.profissional_registro_profissional=?
2025-05-21T19:55:04.320-03:00 DEBUG 18672 --- [N.I.B Challenge Odontoprev] [           main] [                                                 ] org.hibernate.SQL                        : select null,u1_0.data_nascimento_user,u1_0.email_user,u1_0.nome_user,u1_0.plano_user,u1_0.sobrenome_user,u1_0.telefone_user from usuario u1_0 where u1_0.cpf_user=?
2025-05-21T19:55:04.358-03:00 DEBUG 18672 --- [N.I.B Challenge Odontoprev] [           main] [                                                 ] org.hibernate.SQL                        : insert into historico (canal_historico,carie_historico,cirurgia_historico,limpeza_historico,ortodontico_historico,tratamento_historico,usuario_cpf_user,id) values (?,?,?,?,?,?,?,default)
2025-05-21T19:55:04.433-03:00 DEBUG 18672 --- [N.I.B Challenge Odontoprev] [           main] [                                                 ] org.hibernate.SQL                        : select u1_0.cpf_user,u1_0.data_nascimento_user,u1_0.email_user,e1_0.id,e1_0.bairro_endereco,e1_0.cep_endereco,e1_0.cidade_endereco,e1_0.complemento_endereco,e1_0.estado_endereco,e1_0.numero_endereco,e1_0.profissional_registro_profissional,e1_0.rua_endereco,u1_0.nome_user,u1_0.plano_user,u1_0.sobrenome_user,u1_0.telefone_user from usuario u1_0 left join endereco e1_0 on u1_0.cpf_user=e1_0.usuario_cpf_user where u1_0.cpf_user=?
2025-05-21T19:55:04.468-03:00 DEBUG 18672 --- [N.I.B Challenge Odontoprev] [           main] [                                                 ] org.hibernate.SQL                        : select h1_0.id,h1_0.canal_historico,h1_0.carie_historico,h1_0.cirurgia_historico,h1_0.limpeza_historico,h1_0.ortodontico_historico,h1_0.tratamento_historico,u1_0.cpf_user,u1_0.data_nascimento_user,u1_0.email_user,e1_0.id,e1_0.bairro_endereco,e1_0.cep_endereco,e1_0.cidade_endereco,e1_0.complemento_endereco,e1_0.estado_endereco,e1_0.numero_endereco,e1_0.profissional_registro_profissional,e1_0.rua_endereco,u1_0.nome_user,u1_0.plano_user,u1_0.sobrenome_user,u1_0.telefone_user from historico h1_0 left join usuario u1_0 on u1_0.cpf_user=h1_0.usuario_cpf_user left join endereco e1_0 on u1_0.cpf_user=e1_0.usuario_cpf_user where h1_0.usuario_cpf_user=?
2025-05-21T19:55:04.505-03:00 DEBUG 18672 --- [N.I.B Challenge Odontoprev] [           main] [                                                 ] org.hibernate.SQL                        : select d1_0.usuario_cpf_user,d1_0.id,d1_0.data_registro,d1_0.escovacao_diario,d1_0.sintoma_diario,d1_0.uso_enxaguante_diario,d1_0.uso_fio_diario from diario d1_0 where d1_0.usuario_cpf_user=?
2025-05-21T19:55:04.650-03:00 DEBUG 18672 --- [N.I.B Challenge Odontoprev] [           main] [                                                 ] org.hibernate.SQL                        : select u1_0.cpf_user,u1_0.data_nascimento_user,u1_0.email_user,e1_0.id,e1_0.bairro_endereco,e1_0.cep_endereco,e1_0.cidade_endereco,e1_0.complemento_endereco,e1_0.estado_endereco,e1_0.numero_endereco,e1_0.profissional_registro_profissional,e1_0.rua_endereco,u1_0.nome_user,u1_0.plano_user,u1_0.sobrenome_user,u1_0.telefone_user from usuario u1_0 left join endereco e1_0 on u1_0.cpf_user=e1_0.usuario_cpf_user where u1_0.cpf_user=?
2025-05-21T19:55:04.678-03:00 DEBUG 18672 --- [N.I.B Challenge Odontoprev] [           main] [                                                 ] org.hibernate.SQL                        : select h1_0.id,h1_0.canal_historico,h1_0.carie_historico,h1_0.cirurgia_historico,h1_0.limpeza_historico,h1_0.ortodontico_historico,h1_0.tratamento_historico,u1_0.cpf_user,u1_0.data_nascimento_user,u1_0.email_user,e1_0.id,e1_0.bairro_endereco,e1_0.cep_endereco,e1_0.cidade_endereco,e1_0.complemento_endereco,e1_0.estado_endereco,e1_0.numero_endereco,e1_0.profissional_registro_profissional,e1_0.rua_endereco,u1_0.nome_user,u1_0.plano_user,u1_0.sobrenome_user,u1_0.telefone_user from historico h1_0 left join usuario u1_0 on u1_0.cpf_user=h1_0.usuario_cpf_user left join endereco e1_0 on u1_0.cpf_user=e1_0.usuario_cpf_user where h1_0.usuario_cpf_user=?
2025-05-21T19:55:04.704-03:00 DEBUG 18672 --- [N.I.B Challenge Odontoprev] [           main] [                                                 ] org.hibernate.SQL                        : select d1_0.usuario_cpf_user,d1_0.id,d1_0.data_registro,d1_0.escovacao_diario,d1_0.sintoma_diario,d1_0.uso_enxaguante_diario,d1_0.uso_fio_diario from diario d1_0 where d1_0.usuario_cpf_user=?
Usuário, profissional e consulta criados com sucesso.
2025-05-21T19:55:04.861-03:00 DEBUG 18672 --- [N.I.B Challenge Odontoprev] [           main] [                                                 ] org.hibernate.SQL                        : select r1_0.id,r1_0.name from roles r1_0 where r1_0.name=?
2025-05-21T19:55:04.922-03:00 DEBUG 18672 --- [N.I.B Challenge Odontoprev] [           main] [                                                 ] org.hibernate.SQL                        : insert into roles (name,id) values (?,default)
2025-05-21T19:55:05.081-03:00 DEBUG 18672 --- [N.I.B Challenge Odontoprev] [           main] [                                                 ] org.hibernate.SQL                        : insert into usersecurity (enabled,password,username,id) values (?,?,?,default)
2025-05-21T19:55:05.138-03:00 DEBUG 18672 --- [N.I.B Challenge Odontoprev] [           main] [                                                 ] org.hibernate.SQL                        : insert into users_roles (user_id,role_id) values (?,?)
Usuário de segurança 'admin' criado com sucesso.
]]></system-out>
  </testcase>
</testsuite>